# JRE version: Java(TM) SE Runtime Environment (8.0_162-b12) (build 1.8.0_162-b12)
# Java VM: Java HotSpot(TM) 64-Bit Server VM (25.162-b12 mixed mode bsd-amd64 compressed oops)
Heap:
 PSYoungGen      total 303616K, used 254519K [0x0000000795580000, 0x00000007a8f80000, 0x00000007c0000000)
  eden space 286720K, 88% used [0x0000000795580000,0x00000007a4e0dfd0,0x00000007a6d80000)
  from space 16896K, 0% used [0x00000007a7f00000,0x00000007a7f00000,0x00000007a8f80000)
  to   space 17408K, 0% used [0x00000007a6d80000,0x00000007a6d80000,0x00000007a7e80000)
 ParOldGen       total 89600K, used 31618K [0x0000000740000000, 0x0000000745780000, 0x0000000795580000)
  object space 89600K, 35% used [0x0000000740000000,0x0000000741ee0be0,0x0000000745780000)
 Metaspace       used 55879K, capacity 58828K, committed 59136K, reserved 1099776K
  class space    used 7510K, capacity 8074K, committed 8192K, reserved 1048576K
GC Heap History (10 events):
Event: 171.706 GC heap before
{Heap before GC invocations=15 (full 3):
 PSYoungGen      total 304640K, used 7832K [0x0000000795580000, 0x00000007a9180000, 0x00000007c0000000)
  eden space 286720K, 0% used [0x0000000795580000,0x0000000795580000,0x00000007a6d80000)
  from space 17920K, 43% used [0x00000007a8000000,0x00000007a87a6060,0x00000007a9180000)
  to   space 18432K, 0% used [0x00000007a6d80000,0x00000007a6d80000,0x00000007a7f80000)
 ParOldGen       total 89600K, used 29237K [0x0000000740000000, 0x0000000745780000, 0x0000000795580000)
  object space 89600K, 32% used [0x0000000740000000,0x0000000741c8d598,0x0000000745780000)
 Metaspace       used 54761K, capacity 57388K, committed 57600K, reserved 1099776K
  class space    used 7386K, capacity 7881K, committed 7936K, reserved 1048576K
Event: 171.967 GC heap after
Heap after GC invocations=15 (full 3):
 PSYoungGen      total 304640K, used 0K [0x0000000795580000, 0x00000007a9180000, 0x00000007c0000000)
  eden space 286720K, 0% used [0x0000000795580000,0x0000000795580000,0x00000007a6d80000)
  from space 17920K, 0% used [0x00000007a8000000,0x00000007a8000000,0x00000007a9180000)
  to   space 18432K, 0% used [0x00000007a6d80000,0x00000007a6d80000,0x00000007a7f80000)
 ParOldGen       total 89600K, used 30101K [0x0000000740000000, 0x0000000745780000, 0x0000000795580000)
  object space 89600K, 33% used [0x0000000740000000,0x0000000741d65478,0x0000000745780000)
 Metaspace       used 54753K, capacity 57376K, committed 57600K, reserved 1099776K
  class space    used 7385K, capacity 7879K, committed 7936K, reserved 1048576K
}
Event: 228.368 GC heap before
{Heap before GC invocations=16 (full 3):
 PSYoungGen      total 304640K, used 232822K [0x0000000795580000, 0x00000007a9180000, 0x00000007c0000000)
  eden space 286720K, 81% used [0x0000000795580000,0x00000007a38dd910,0x00000007a6d80000)
  from space 17920K, 0% used [0x00000007a8000000,0x00000007a8000000,0x00000007a9180000)
  to   space 18432K, 0% used [0x00000007a6d80000,0x00000007a6d80000,0x00000007a7f80000)
 ParOldGen       total 89600K, used 30101K [0x0000000740000000, 0x0000000745780000, 0x0000000795580000)
  object space 89600K, 33% used [0x0000000740000000,0x0000000741d65478,0x0000000745780000)
 Metaspace       used 55128K, capacity 57898K, committed 58240K, reserved 1099776K
  class space    used 7427K, capacity 7943K, committed 8064K, reserved 1048576K
Event: 228.380 GC heap after
Heap after GC invocations=16 (full 3):
 PSYoungGen      total 293376K, used 6160K [0x0000000795580000, 0x00000007a9080000, 0x00000007c0000000)
  eden space 286720K, 0% used [0x0000000795580000,0x0000000795580000,0x00000007a6d80000)
  from space 6656K, 92% used [0x00000007a6d80000,0x00000007a7384170,0x00000007a7400000)
  to   space 17920K, 0% used [0x00000007a7f00000,0x00000007a7f00000,0x00000007a9080000)
 ParOldGen       total 89600K, used 30109K [0x0000000740000000, 0x0000000745780000, 0x0000000795580000)
  object space 89600K, 33% used [0x0000000740000000,0x0000000741d67478,0x0000000745780000)
 Metaspace       used 55128K, capacity 57898K, committed 58240K, reserved 1099776K
  class space    used 7427K, capacity 7943K, committed 8064K, reserved 1048576K
}
Event: 228.380 GC heap before
{Heap before GC invocations=17 (full 4):
 PSYoungGen      total 293376K, used 6160K [0x0000000795580000, 0x00000007a9080000, 0x00000007c0000000)
  eden space 286720K, 0% used [0x0000000795580000,0x0000000795580000,0x00000007a6d80000)
  from space 6656K, 92% used [0x00000007a6d80000,0x00000007a7384170,0x00000007a7400000)
  to   space 17920K, 0% used [0x00000007a7f00000,0x00000007a7f00000,0x00000007a9080000)
 ParOldGen       total 89600K, used 30109K [0x0000000740000000, 0x0000000745780000, 0x0000000795580000)
  object space 89600K, 33% used [0x0000000740000000,0x0000000741d67478,0x0000000745780000)
 Metaspace       used 55128K, capacity 57898K, committed 58240K, reserved 1099776K
  class space    used 7427K, capacity 7943K, committed 8064K, reserved 1048576K
Event: 228.589 GC heap after
Heap after GC invocations=17 (full 4):
 PSYoungGen      total 293376K, used 0K [0x0000000795580000, 0x00000007a9080000, 0x00000007c0000000)
  eden space 286720K, 0% used [0x0000000795580000,0x0000000795580000,0x00000007a6d80000)
  from space 6656K, 0% used [0x00000007a6d80000,0x00000007a6d80000,0x00000007a7400000)
  to   space 17920K, 0% used [0x00000007a7f00000,0x00000007a7f00000,0x00000007a9080000)
 ParOldGen       total 89600K, used 31302K [0x0000000740000000, 0x0000000745780000, 0x0000000795580000)
  object space 89600K, 34% used [0x0000000740000000,0x0000000741e91ba8,0x0000000745780000)
 Metaspace       used 55121K, capacity 57886K, committed 58240K, reserved 1099776K
  class space    used 7426K, capacity 7941K, committed 8064K, reserved 1048576K
}
Event: 276.224 GC heap before
{Heap before GC invocations=18 (full 4):
 PSYoungGen      total 293376K, used 231257K [0x0000000795580000, 0x00000007a9080000, 0x00000007c0000000)
  eden space 286720K, 80% used [0x0000000795580000,0x00000007a3756610,0x00000007a6d80000)
  from space 6656K, 0% used [0x00000007a6d80000,0x00000007a6d80000,0x00000007a7400000)
  to   space 17920K, 0% used [0x00000007a7f00000,0x00000007a7f00000,0x00000007a9080000)
 ParOldGen       total 89600K, used 31302K [0x0000000740000000, 0x0000000745780000, 0x0000000795580000)
  object space 89600K, 34% used [0x0000000740000000,0x0000000741e91ba8,0x0000000745780000)
 Metaspace       used 55485K, capacity 58336K, committed 58496K, reserved 1099776K
  class space    used 7467K, capacity 8005K, committed 8064K, reserved 1048576K
Event: 276.232 GC heap after
Heap after GC invocations=18 (full 4):
 PSYoungGen      total 303616K, used 6226K [0x0000000795580000, 0x00000007a8f80000, 0x00000007c0000000)
  eden space 286720K, 0% used [0x0000000795580000,0x0000000795580000,0x00000007a6d80000)
  from space 16896K, 36% used [0x00000007a7f00000,0x00000007a85149c8,0x00000007a8f80000)
  to   space 17408K, 0% used [0x00000007a6d80000,0x00000007a6d80000,0x00000007a7e80000)
 ParOldGen       total 89600K, used 31310K [0x0000000740000000, 0x0000000745780000, 0x0000000795580000)
  object space 89600K, 34% used [0x0000000740000000,0x0000000741e93ba8,0x0000000745780000)
 Metaspace       used 55485K, capacity 58336K, committed 58496K, reserved 1099776K
  class space    used 7467K, capacity 8005K, committed 8064K, reserved 1048576K
}
Event: 276.232 GC heap before
{Heap before GC invocations=19 (full 5):
 PSYoungGen      total 303616K, used 6226K [0x0000000795580000, 0x00000007a8f80000, 0x00000007c0000000)
  eden space 286720K, 0% used [0x0000000795580000,0x0000000795580000,0x00000007a6d80000)
  from space 16896K, 36% used [0x00000007a7f00000,0x00000007a85149c8,0x00000007a8f80000)
  to   space 17408K, 0% used [0x00000007a6d80000,0x00000007a6d80000,0x00000007a7e80000)
 ParOldGen       total 89600K, used 31310K [0x0000000740000000, 0x0000000745780000, 0x0000000795580000)
  object space 89600K, 34% used [0x0000000740000000,0x0000000741e93ba8,0x0000000745780000)
 Metaspace       used 55485K, capacity 58336K, committed 58496K, reserved 1099776K
  class space    used 7467K, capacity 8005K, committed 8064K, reserved 1048576K
Event: 276.415 GC heap after
Heap after GC invocations=19 (full 5):
 PSYoungGen      total 303616K, used 0K [0x0000000795580000, 0x00000007a8f80000, 0x00000007c0000000)
  eden space 286720K, 0% used [0x0000000795580000,0x0000000795580000,0x00000007a6d80000)
  from space 16896K, 0% used [0x00000007a7f00000,0x00000007a7f00000,0x00000007a8f80000)
  to   space 17408K, 0% used [0x00000007a6d80000,0x00000007a6d80000,0x00000007a7e80000)
 ParOldGen       total 89600K, used 31618K [0x0000000740000000, 0x0000000745780000, 0x0000000795580000)
  object space 89600K, 35% used [0x0000000740000000,0x0000000741ee0be0,0x0000000745780000)
 Metaspace       used 55474K, capacity 58318K, committed 58496K, reserved 1099776K
  class space    used 7465K, capacity 8001K, committed 8064K, reserved 1048576K
}

